-------------------------------------------------------------------------------
Test set: testMethods.TestSubtract
-------------------------------------------------------------------------------
Tests run: 2, Failures: 1, Errors: 0, Skipped: 0, Time elapsed: 0.063 s <<< FAILURE! - in testMethods.TestSubtract
InvalidSubtrat(testMethods.TestSubtract)  Time elapsed: 0.006 s  <<< FAILURE!
java.lang.AssertionError: expected:<10> but was:<1>
	at testMethods.TestSubtract.InvalidSubtrat(TestSubtract.java:18)

