-------------------------------------------------------------------------------
Test set: testMethods.TestSum
-------------------------------------------------------------------------------
Tests run: 2, Failures: 1, Errors: 0, Skipped: 0, Time elapsed: 0 s <<< FAILURE! - in testMethods.TestSum
InvalidSum(testMethods.TestSum)  Time elapsed: 0 s  <<< FAILURE!
java.lang.AssertionError: expected:<7> but was:<5>
	at testMethods.TestSum.InvalidSum(TestSum.java:18)

