<?xml version="1.0" encoding="UTF-8"?>
<testsuite xmlns:xsi="http://www.w3.org/2001/XMLSchema-instance" xsi:noNamespaceSchemaLocation="https://maven.apache.org/surefire/maven-surefire-plugin/xsd/surefire-test-report-3.0.xsd" version="3.0" name="testMethods.TestSum" time="0" tests="2" errors="0" skipped="0" failures="1">
  <properties>
[...]
</properties>
  <testcase name="ValidSum" classname="testMethods.TestSum" time="0"/>
  <testcase name="InvalidSum" classname="testMethods.TestSum" time="0">
    <failure message="expected:&lt;7&gt; but was:&lt;5&gt;" type="java.lang.AssertionError"><![CDATA[java.lang.AssertionError: expected:<7> but was:<5>
	at testMethods.TestSum.InvalidSum(TestSum.java:18)
]]></failure>
  </testcase>
</testsuite>